<?xml version="1.0" encoding="UTF-8"?>
<!-- Generated by org.testng.reporters.JUnitReportReporter -->
<testsuite skipped="0" hostname="ajaypc" name="demomaven.demo" tests="1" failures="0" timestamp="24 Jan 2020 09:02:03 GMT" time="0.029" errors="0">
  <testcase name="demo1" time="0.029" classname="demomaven.demo"/>
</testsuite> <!-- demomaven.demo -->
