<?xml version="1.0" encoding="UTF-8"?>
<!-- Generated by org.testng.reporters.JUnitReportReporter -->
<testsuite skipped="0" hostname="ajaypc" name="demomaven.demo" tests="1" failures="0" timestamp="2020-01-31T16:38:37 IST" time="0.008" errors="0">
  <testcase name="testA" time="0.008" classname="demomaven.demo"/>
  <system-out>
hiiiiiiiiii........  </system-out>
</testsuite> <!-- demomaven.demo -->
